Downloading https://www.cs.toronto.edu/~kriz/cifar-10-python.tar.gz to ./data/cifar-10-python.tar.gz
Extracting ./data/cifar-10-python.tar.gz to ./data
Files already downloaded and verified
Train Epoch: 0 	 Iteration: 1 [256/50000 (1%)]	Loss: 2.371003	 elapsed time: 3.242
Files already downloaded and verified
Files already downloaded and verified
Train Epoch: 0 	 Iteration: 1 [256/50000 (1%)]	Loss: 2.371003	 elapsed time: 3.373
Train Epoch: 0 	 Iteration: 21 [5376/50000 (11%)]	Loss: 3.315803	 elapsed time: 41.713
Test set: Average loss: 2.3404, Accuracy: 1096/10000 (11%)

Files already downloaded and verified
Files already downloaded and verified
Train Epoch: 0 	 Iteration: 1 [256/50000 (1%)]	Loss: 2.371003	 elapsed time: 3.610
Train Epoch: 0 	 Iteration: 21 [5376/50000 (11%)]	Loss: 3.315803	 elapsed time: 44.776
Test set: Average loss: 2.3404, Accuracy: 1096/10000 (11%)

Files already downloaded and verified
Files already downloaded and verified
Train Epoch: 0 	 Iteration: 20 [5120/50000 (10%)]	Loss: 2.662138	 elapsed time: 40.976
Train Epoch: 0 	 Iteration: 40 [10240/50000 (20%)]	Loss: 2.386821	 elapsed time: 39.367
Test set: Average loss: 2.3404, Accuracy: 1096/10000 (11%)

Files already downloaded and verified
Files already downloaded and verified
Train Epoch: 0 	 Iteration: 20 [5120/50000 (10%)]	Loss: 2.662138	 elapsed time: 45.784
Train Epoch: 0 	 Iteration: 40 [10240/50000 (20%)]	Loss: 2.386821	 elapsed time: 43.202
Test set: Average loss: 2.3404, Accuracy: 1096/10000 (11%)

